CREATE USER SA PASSWORD "" ADMIN
/*C1*/SET SCHEMA PUBLIC
CONNECT USER SA
DISCONNECT
/*C2*/SET SCHEMA PUBLIC
CONNECT USER SA
/*C3*/SET SCHEMA PUBLIC
CONNECT USER SA
/*C4*/SET SCHEMA PUBLIC
CONNECT USER SA
/*C2*/create table analistas (id bigint generated by default as identity (start with 1), especialidade varchar(255), nome varchar(255), cargo_id bigint, primary key (id))
create table analistas_projetos (projeto_id bigint not null, analista_id bigint not null, primary key (projeto_id, analista_id))
create table cargos (id bigint generated by default as identity (start with 1), nome varchar(255), primary key (id))
create table projetos (id bigint generated by default as identity (start with 1), data_fim timestamp, data_inicio timestamp, descricao varchar(255), nome varchar(255), primary key (id))
create table requisitos (id bigint generated by default as identity (start with 1), descricao varchar(255), nome varchar(255), projeto_id bigint, primary key (id))
alter table analistas add constraint FK9A34D824A9FDF796 foreign key (cargo_id) references cargos
alter table analistas_projetos add constraint FKBBF0996B3EC3127E foreign key (analista_id) references analistas
alter table analistas_projetos add constraint FKBBF0996B86584336 foreign key (projeto_id) references projetos
alter table requisitos add constraint FK904F2D086584336 foreign key (projeto_id) references projetos
SET AUTOCOMMIT FALSE
SET AUTOCOMMIT TRUE
SET AUTOCOMMIT FALSE
SET AUTOCOMMIT TRUE
SET AUTOCOMMIT FALSE
SET AUTOCOMMIT TRUE
SET AUTOCOMMIT FALSE
INSERT INTO CARGOS VALUES(1,'Analista de Sistemas')
COMMIT
SET AUTOCOMMIT TRUE
SET AUTOCOMMIT FALSE
SET AUTOCOMMIT TRUE
SET AUTOCOMMIT FALSE
SET AUTOCOMMIT TRUE
SET AUTOCOMMIT FALSE
INSERT INTO CARGOS VALUES(2,'Programador')
COMMIT
SET AUTOCOMMIT TRUE
SET AUTOCOMMIT FALSE
SET AUTOCOMMIT TRUE
SET AUTOCOMMIT FALSE
SET AUTOCOMMIT TRUE
SET AUTOCOMMIT FALSE
INSERT INTO CARGOS VALUES(3,'Arquiteto de Software')
COMMIT
SET AUTOCOMMIT TRUE
SET AUTOCOMMIT FALSE
SET AUTOCOMMIT TRUE
SET AUTOCOMMIT FALSE
SET AUTOCOMMIT TRUE
SET AUTOCOMMIT FALSE
INSERT INTO CARGOS VALUES(4,'Gerente de Projeto')
COMMIT
SET AUTOCOMMIT TRUE
SET AUTOCOMMIT FALSE
SET AUTOCOMMIT TRUE
SET AUTOCOMMIT FALSE
SET AUTOCOMMIT TRUE
SET AUTOCOMMIT FALSE
SET AUTOCOMMIT TRUE
SET AUTOCOMMIT FALSE
INSERT INTO ANALISTAS VALUES(1,'Play','Igor Takenami',3)
COMMIT
SET AUTOCOMMIT TRUE
SET AUTOCOMMIT FALSE
SET AUTOCOMMIT TRUE
SET AUTOCOMMIT FALSE
SET AUTOCOMMIT TRUE
SET AUTOCOMMIT FALSE
INSERT INTO ANALISTAS VALUES(2,'JAVA','Jo\u00e3o das Neves',2)
COMMIT
SET AUTOCOMMIT TRUE
SET AUTOCOMMIT FALSE
SET AUTOCOMMIT TRUE
SET AUTOCOMMIT FALSE
SET AUTOCOMMIT TRUE
SET AUTOCOMMIT FALSE
INSERT INTO ANALISTAS VALUES(3,'UML','Maria Luzia',1)
COMMIT
SET AUTOCOMMIT TRUE
SET AUTOCOMMIT FALSE
SET AUTOCOMMIT TRUE
SET AUTOCOMMIT FALSE
SET AUTOCOMMIT TRUE
SET AUTOCOMMIT FALSE
INSERT INTO ANALISTAS VALUES(4,'PMBOK','Roberto Carlos',4)
COMMIT
SET AUTOCOMMIT TRUE
SET AUTOCOMMIT FALSE
SET AUTOCOMMIT TRUE
SET AUTOCOMMIT FALSE
SET AUTOCOMMIT TRUE
SET AUTOCOMMIT FALSE
SET AUTOCOMMIT TRUE
SET AUTOCOMMIT FALSE
INSERT INTO PROJETOS VALUES(1,'2010-12-31 00:00:00.000000000','2010-11-24 00:00:00.000000000','Refer\u00eancia para o desenvolvimento de projetos utilizando o Framework Play. Este projeto \u00e9 um exemplo de projeto utilizando a refer\u00eancia.','Play Refer\u00eancia')
INSERT INTO REQUISITOS VALUES(1,'Ao cadastrar o projeto deve ser inserido 2 requisitos. Ap\u00f3s o cadastro o usu\u00e1rio pode inserir novos requisitos para aquele projeto.','Cadastrar Projeto',1)
INSERT INTO REQUISITOS VALUES(2,'A busca do projeto deve utilizar AJAX para preencher o grid com o resultado do filtro aplicado.','Buscar Projeto',1)
INSERT INTO ANALISTAS_PROJETOS VALUES(1,1)
INSERT INTO ANALISTAS_PROJETOS VALUES(1,3)
INSERT INTO ANALISTAS_PROJETOS VALUES(1,4)
COMMIT
SET AUTOCOMMIT TRUE
SET AUTOCOMMIT FALSE
SET AUTOCOMMIT TRUE
SET AUTOCOMMIT FALSE
SET AUTOCOMMIT TRUE
SET AUTOCOMMIT FALSE
SET AUTOCOMMIT TRUE
